START===> scribe-java
FINISH===> scribe-java
START===> scribe-java
FINISH===> scribe-java
START===> scribe-java
FINISH===> scribe-java
START===> scribe-java
FINISH===> scribe-java
START===> scribe-java
FINISH===> scribe-java
START===> scribe-java
FINISH===> scribe-java
START===> java-apns
FINISH===> java-apns
START===> java-apns
FINISH===> java-apns
START===> java-apns
FINISH===> java-apns
START===> java-apns
FINISH===> java-apns
START===> java-apns
FINISH===> java-apns
START===> java-apns
FINISH===> java-apns
START===> jopt-simple
FINISH===> jopt-simple
START===> jopt-simple
FINISH===> jopt-simple
START===> jopt-simple
FINISH===> jopt-simple
START===> jopt-simple
FINISH===> jopt-simple
START===> jopt-simple
FINISH===> jopt-simple
START===> jopt-simple
FINISH===> jopt-simple
START===> la4j
FINISH===> la4j
START===> la4j
FINISH===> la4j
START===> la4j
FINISH===> la4j
START===> la4j
FINISH===> la4j
START===> la4j
FINISH===> la4j
START===> metrics-core
FINISH===> metrics-core
START===> metrics-core
FINISH===> metrics-core
START===> metrics-core
FINISH===> metrics-core
START===> la4j
FINISH===> la4j
START===> metrics-core
FINISH===> metrics-core
START===> metrics-core
FINISH===> metrics-core
START===> metrics-core
FINISH===> metrics-core
START===> vraptor
FINISH===> vraptor
START===> vraptor
FINISH===> vraptor
START===> vraptor
FINISH===> vraptor
START===> vraptor
FINISH===> vraptor
START===> vraptor
FINISH===> vraptor
START===> jasmine-maven-plugin
FINISH===> jasmine-maven-plugin
START===> jasmine-maven-plugin
FINISH===> jasmine-maven-plugin
START===> jasmine-maven-plugin
FINISH===> jasmine-maven-plugin
START===> vraptor
FINISH===> vraptor
START===> jasmine-maven-plugin
FINISH===> jasmine-maven-plugin
START===> jasmine-maven-plugin
FINISH===> jasmine-maven-plugin
START===> jasmine-maven-plugin
FINISH===> jasmine-maven-plugin
