/home/wesleynunes/Documentos/workspaceMastering/tcp-experiment
START scribe-java statement
FINISH scribe-java statement
START scribe-java method
FINISH scribe-java method
START scribe-java branch
FINISH scribe-java branch
START jasmine-maven-plugin statement
FINISH jasmine-maven-plugin statement
START jasmine-maven-plugin method
FINISH jasmine-maven-plugin method
START jasmine-maven-plugin branch
FINISH jasmine-maven-plugin branch
START java-apns statement
FINISH java-apns statement
START java-apns method
FINISH java-apns method
START java-apns branch
FINISH java-apns branch
START jopt-simple statement
FINISH jopt-simple statement
START jopt-simple method
FINISH jopt-simple method
START jopt-simple branch
FINISH jopt-simple branch
START la4j statement
FINISH la4j statement
START la4j method
FINISH la4j method
START la4j branch
FINISH la4j branch
START metrics-core statement
FINISH metrics-core statement
START metrics-core method
FINISH metrics-core method
START metrics-core branch
FINISH metrics-core branch
START vraptor statement
FINISH vraptor statement
START vraptor method
FINISH vraptor method
START vraptor branch
FINISH vraptor branch
START assertj-core statement
FINISH assertj-core statement
START assertj-core method
FINISH assertj-core method
START assertj-core branch
FINISH assertj-core branch
